<?xml version="1.0" encoding="UTF-8"?>
<!-- Generated by org.testng.reporters.JUnitXMLReporter -->
<testsuite ignored="0" hostname="Akash" failures="0" tests="3" name="Default test" time="59.919" errors="0" timestamp="2023-10-06T15:57:39 IST">
  <testcase classname="Testng.DataProviders" name="demo" time="49.033"/>
  <testcase classname="Testng.DataProviders" name="demo" time="5.287"/>
  <testcase classname="Testng.DataProviders" name="demo" time="5.531"/>
</testsuite> <!-- Default test -->
