<?xml version="1.0" encoding="UTF-8"?>
<testng-results ignored="0" total="3" passed="3" failed="0" skipped="0">
  <reporter-output>
  </reporter-output>
  <suite started-at="2023-10-06T15:56:39 IST" name="Default suite" finished-at="2023-10-06T15:57:39 IST" duration-ms="59919">
    <groups>
    </groups>
    <test started-at="2023-10-06T15:56:39 IST" name="Default test" finished-at="2023-10-06T15:57:39 IST" duration-ms="59919">
      <class name="Testng.DataProviders">
        <test-method signature="demo(java.lang.String,java.lang.String)[pri:0, instance:Testng.DataProviders@51c668e3]" started-at="2023-10-06T15:56:40 IST" name="demo" data-provider="getData" finished-at="2023-10-06T15:57:29 IST" duration-ms="49033" status="PASS">
          <params>
            <param index="0">
              <value>
                <![CDATA[Deepa]]>
              </value>
            </param>
            <param index="1">
              <value>
                <![CDATA[Akash]]>
              </value>
            </param>
          </params>
          <reporter-output>
          </reporter-output>
        </test-method> <!-- demo -->
        <test-method signature="demo(java.lang.String,java.lang.String)[pri:0, instance:Testng.DataProviders@51c668e3]" started-at="2023-10-06T15:57:29 IST" name="demo" data-provider="getData" finished-at="2023-10-06T15:57:34 IST" duration-ms="5287" status="PASS">
          <params>
            <param index="0">
              <value>
                <![CDATA[Deepa]]>
              </value>
            </param>
            <param index="1">
              <value>
                <![CDATA[Akash]]>
              </value>
            </param>
          </params>
          <reporter-output>
          </reporter-output>
        </test-method> <!-- demo -->
        <test-method signature="demo(java.lang.String,java.lang.String)[pri:0, instance:Testng.DataProviders@51c668e3]" started-at="2023-10-06T15:57:34 IST" name="demo" data-provider="getData" finished-at="2023-10-06T15:57:39 IST" duration-ms="5531" status="PASS">
          <params>
            <param index="0">
              <value>
                <![CDATA[Deepa]]>
              </value>
            </param>
            <param index="1">
              <value>
                <![CDATA[Akash]]>
              </value>
            </param>
          </params>
          <reporter-output>
          </reporter-output>
        </test-method> <!-- demo -->
      </class> <!-- Testng.DataProviders -->
    </test> <!-- Default test -->
  </suite> <!-- Default suite -->
</testng-results>
